SF:lib\main.dart
DA:6,0
DA:9,1
DA:11,1
DA:12,1
DA:13,1
DA:23,1
DA:25,1
DA:29,1
DA:30,1
DA:32,1
DA:34,1
DA:35,1
DA:36,2
DA:39,1
DA:40,1
DA:42,1
DA:51,1
DA:53,1
DA:54,1
DA:55,1
DA:57,1
DA:59,1
DA:60,1
DA:62,2
DA:64,1
DA:75,1
DA:76,0
DA:78,0
DA:80,0
DA:81,0
DA:85,1
DA:87,4
DA:88,1
DA:95,1
DA:97,4
DA:98,1
DA:104,1
DA:107,1
DA:109,2
DA:111,1
LF:40
LH:35
end_of_record
SF:lib\NewRequestPage.dart
DA:6,0
DA:7,0
DA:18,0
DA:20,0
DA:21,0
DA:22,0
DA:24,0
DA:26,0
DA:27,0
DA:28,0
DA:29,0
DA:30,0
DA:32,0
DA:33,0
DA:34,0
DA:36,0
DA:37,0
DA:38,0
DA:40,0
DA:41,0
DA:42,0
DA:44,0
DA:45,0
DA:46,0
DA:48,0
DA:49,0
DA:50,0
DA:51,0
DA:53,0
DA:61,0
DA:62,0
DA:63,0
DA:64,0
DA:65,0
DA:66,0
DA:67,0
DA:68,0
DA:69,0
DA:73,0
DA:75,0
DA:76,0
DA:79,0
DA:82,0
LF:43
LH:0
end_of_record
SF:lib\CollectionRequestPage.dart
DA:5,0
DA:8,1
DA:9,0
DA:10,0
DA:16,0
DA:18,0
DA:19,0
DA:20,0
DA:22,0
DA:23,0
DA:24,0
DA:25,0
DA:26,0
DA:30,0
DA:31,0
DA:32,0
DA:34,0
DA:39,0
DA:40,0
DA:44,0
LF:20
LH:1
end_of_record
